<?xml version="1.0" encoding="UTF-8"?>
<!-- Generated by org.testng.reporters.JUnitReportReporter -->
<testsuite hostname="Awais-Office-Laptop" failures="0" tests="1" name="selenium_jenkins_testcases.TestNG" time="2.986" errors="0" timestamp="2024-06-26T15:53:08 PKT" skipped="0">
  <testcase classname="selenium_jenkins_testcases.TestNG" name="googleSearch" time="2.986"/>
</testsuite> <!-- selenium_jenkins_testcases.TestNG -->
